<?xml version="1.0" encoding="UTF-8"?>
<testsuite xmlns:xsi="http://www.w3.org/2001/XMLSchema-instance" xsi:noNamespaceSchemaLocation="https://maven.apache.org/surefire/maven-surefire-plugin/xsd/surefire-test-report.xsd" name="JDBCTest" time="0.391" tests="4" errors="0" skipped="0" failures="4">
  <properties>
[...]
</properties>
  <testcase name="ownerHasMoreThanTwoCar" classname="JDBCTest" time="0.04">
    <failure message="owner is anna has more than two car ==&gt; expected: &lt;true&gt; but was: &lt;false&gt;" type="org.opentest4j.AssertionFailedError"><![CDATA[org.opentest4j.AssertionFailedError: owner is anna has more than two car ==> expected: <true> but was: <false>
	at JDBCTest.ownerHasMoreThanTwoCar(JDBCTest.java:56)
]]></failure>
  </testcase>
  <testcase name="allOwnerMustBeHaveCar" classname="JDBCTest" time="0.01">
    <failure message="Car with name BMW don&apos;t have a owner ==&gt; expected: &lt;true&gt; but was: &lt;false&gt;" type="org.opentest4j.AssertionFailedError"><![CDATA[org.opentest4j.AssertionFailedError: Car with name BMW don't have a owner ==> expected: <true> but was: <false>
	at JDBCTest.allOwnerMustBeHaveCar(JDBCTest.java:33)
]]></failure>
  </testcase>
  <testcase name="allCarsMustBeHaveOwner" classname="JDBCTest" time="0">
    <failure message="Car with name lada is have a owner ==&gt; expected: &lt;true&gt; but was: &lt;false&gt;" type="org.opentest4j.AssertionFailedError"><![CDATA[org.opentest4j.AssertionFailedError: Car with name lada is have a owner ==> expected: <true> but was: <false>
	at JDBCTest.allCarsMustBeHaveOwner(JDBCTest.java:43)
]]></failure>
  </testcase>
  <testcase name="legalAgeOfOwner" classname="JDBCTest" time="0.006">
    <failure message="Owner is 16 years ==&gt; expected: &lt;18&gt; but was: &lt;16&gt;" type="org.opentest4j.AssertionFailedError"><![CDATA[org.opentest4j.AssertionFailedError: Owner is 16 years ==> expected: <18> but was: <16>
	at JDBCTest.legalAgeOfOwner(JDBCTest.java:65)
]]></failure>
  </testcase>
</testsuite>