-------------------------------------------------------------------------------
Test set: TestBird
-------------------------------------------------------------------------------
Tests run: 2, Failures: 1, Errors: 0, Skipped: 0, Time elapsed: 0.004 sec <<< FAILURE!
TestBird.testGoNethod()  Time elapsed: 0.003 sec  <<< FAILURE!
java.lang.RuntimeException: Method is not implement
	at TestBird.testGoNethod(TestBird.java:7)

