-------------------------------------------------------------------------------
Test set: TestDog
-------------------------------------------------------------------------------
Tests run: 2, Failures: 1, Errors: 0, Skipped: 0, Time elapsed: 0.001 sec <<< FAILURE!
TestDog.testGetLegsNethod()  Time elapsed: 0 sec  <<< FAILURE!
java.lang.RuntimeException: Error in getLegs method
	at TestDog.testGetLegsNethod(TestDog.java:14)

