-------------------------------------------------------------------------------
Test set: TestCat
-------------------------------------------------------------------------------
Tests run: 2, Failures: 1, Errors: 0, Skipped: 0, Time elapsed: 0 sec <<< FAILURE!
TestCat.testGoNethod()  Time elapsed: 0 sec  <<< FAILURE!
java.lang.RuntimeException: Method is not implement
	at TestCat.testGoNethod(TestCat.java:7)

